00:01:20.650 [main] INFO  c.intuit.karate.core.FeatureRuntime - found scenario at line: 7 - ^Actualizar el nombre de la mascota y el estatus de la mascota a \“sold\”$
00:01:21.905 [main] DEBUG com.intuit.karate - request:
1 > POST https://petstore.swagger.io/v2/pet/9223372016900013808?petId=9223372016900013808&name=junior-toby&status=sold
1 > Host: petstore.swagger.io
1 > Connection: Keep-Alive
1 > User-Agent: Apache-HttpClient/4.5.13 (Java/1.8.0_392)
1 > Accept-Encoding: gzip,deflate


00:01:22.473 [main] DEBUG com.intuit.karate - response time in milliseconds: 566
1 < 200
1 < Date: Fri, 12 Jan 2024 05:01:23 GMT
1 < Content-Type: application/json
1 < Transfer-Encoding: chunked
1 < Connection: keep-alive
1 < Access-Control-Allow-Origin: *
1 < Access-Control-Allow-Methods: GET, POST, DELETE, PUT
1 < Access-Control-Allow-Headers: Content-Type, api_key, Authorization
1 < Server: Jetty(9.2.9.v20150224)
{"code":200,"type":"unknown","message":"9223372016900013808"}
00:01:23.237 [main] INFO  com.intuit.karate.Suite - <<pass>> feature 1 of 1 (0 remaining) src/test/java/features/updatePet.feature
00:10:35.336 [main] INFO  com.intuit.karate.Suite - backed up existing 'target\karate-reports' dir to: target\karate-reports_1705036235335
00:10:35.363 [main] INFO  c.intuit.karate.core.FeatureRuntime - found scenario at line: 9 - ^Consultar la mascota modificada por estatus \(Búsqueda por estatus \= sold\)$
00:10:36.579 [main] DEBUG com.intuit.karate - request:
1 > GET https://petstore.swagger.io/v2/pet/findByStatus?status=sold
1 > Host: petstore.swagger.io
1 > Connection: Keep-Alive
1 > User-Agent: Apache-HttpClient/4.5.13 (Java/1.8.0_392)
1 > Accept-Encoding: gzip,deflate


00:10:37.394 [main] DEBUG com.intuit.karate - response time in milliseconds: 814
1 < 200
1 < Date: Fri, 12 Jan 2024 05:10:38 GMT
1 < Content-Type: application/json
1 < Transfer-Encoding: chunked
1 < Connection: keep-alive
1 < Access-Control-Allow-Origin: *
1 < Access-Control-Allow-Methods: GET, POST, DELETE, PUT
1 < Access-Control-Allow-Headers: Content-Type, api_key, Authorization
1 < Server: Jetty(9.2.9.v20150224)
[{"id":9223372016900013808,"category":{"id":0,"name":"string"},"name":"junior-toby","photoUrls":["string"],"tags":[{"id":0,"name":"string"}],"status":"sold"},{"id":111111,"category":{"id":11111,"name":"string"},"name":"puppy","photoUrls":["string"],"tags":[{"id":111,"name":"string"}],"status":"sold"},{"id":9223372016900014348,"category":{"id":83089521,"name":"aute"},"name":"doggie","photoUrls":["esse ea dese","proident sunt non"],"tags":[{"id":-7333794,"name":"deserunt reprehenderit"},{"id":-49874740,"name":"consequat aliqua magna officia"}],"status":"sold"},{"id":12084391,"category":{"id":-48583,"name":"cupidatat amet commodo"},"name":"doggie","photoUrls":["fugiat Ut eu","exercitation nostr"],"tags":[{"id":-27183415,"name":"e"},{"id":86979382,"name":"in anim consectetur Lorem ut"}],"status":"sold"},{"id":9223372016900014381,"category":{"id":2299282,"name":"officia d"},"name":"doggie","photoUrls":["veniam ad","consectetur laboris anim"],"tags":[{"id":6282852,"name":"aliqua deserunt irure do Excepteur"},{"id":-79344316,"name":"dolor veniam non Ut"}],"status":"sold"}]
00:10:37.459 [main] ERROR com.intuit.karate - src/test/java/features/GetStatusPet.feature:15
* match each pets == {status: 'sold'}
match failed: EACH_EQUALS
  $ | match each failed at index 0 (LIST:MAP)
  [{"id":9223372016900013808,"category":{"id":0,"name":"string"},"name":"junior-toby","photoUrls":["string"],"tags":[{"id":0,"name":"string"}],"status":"sold"},{"id":111111,"category":{"id":11111,"name":"string"},"name":"puppy","photoUrls":["string"],"tags":[{"id":111,"name":"string"}],"status":"sold"},{"id":9223372016900014348,"category":{"id":83089521,"name":"aute"},"name":"doggie","photoUrls":["esse ea dese","proident sunt non"],"tags":[{"id":-7333794,"name":"deserunt reprehenderit"},{"id":-49874740,"name":"consequat aliqua magna officia"}],"status":"sold"},{"id":12084391,"category":{"id":-48583,"name":"cupidatat amet commodo"},"name":"doggie","photoUrls":["fugiat Ut eu","exercitation nostr"],"tags":[{"id":-27183415,"name":"e"},{"id":86979382,"name":"in anim consectetur Lorem ut"}],"status":"sold"},{"id":9223372016900014381,"category":{"id":2299282,"name":"officia d"},"name":"doggie","photoUrls":["veniam ad","consectetur laboris anim"],"tags":[{"id":6282852,"name":"aliqua deserunt irure do Excepteur"},{"id":-79344316,"name":"dolor veniam non Ut"}],"status":"sold"}]
  {"status":"sold"}

    $[0] | not equal | actual has 5 more key(s) than expected - {"id":9223372016900013808,"category":{"id":0,"name":"string"},"name":"junior-toby","photoUrls":["string"],"tags":[{"id":0,"name":"string"}]} (MAP:MAP)
    {"id":9223372016900013808,"category":{"id":0,"name":"string"},"name":"junior-toby","photoUrls":["string"],"tags":[{"id":0,"name":"string"}],"status":"sold"}
    {"status":"sold"}


src/test/java/features/GetStatusPet.feature:15
00:10:38.051 [main] INFO  com.intuit.karate.Suite - <<fail>> feature 1 of 1 (0 remaining) src/test/java/features/GetStatusPet.feature
00:11:25.695 [main] INFO  com.intuit.karate.Suite - backed up existing 'target\karate-reports' dir to: target\karate-reports_1705036285694
00:11:25.720 [main] INFO  c.intuit.karate.core.FeatureRuntime - found scenario at line: 9 - ^Consultar la mascota modificada por estatus \(Búsqueda por estatus \= sold\)$
00:11:26.857 [main] DEBUG com.intuit.karate - request:
1 > GET https://petstore.swagger.io/v2/pet/findByStatus?status=sold
1 > Host: petstore.swagger.io
1 > Connection: Keep-Alive
1 > User-Agent: Apache-HttpClient/4.5.13 (Java/1.8.0_392)
1 > Accept-Encoding: gzip,deflate


00:11:27.491 [main] DEBUG com.intuit.karate - response time in milliseconds: 630
1 < 200
1 < Date: Fri, 12 Jan 2024 05:11:28 GMT
1 < Content-Type: application/json
1 < Transfer-Encoding: chunked
1 < Connection: keep-alive
1 < Access-Control-Allow-Origin: *
1 < Access-Control-Allow-Methods: GET, POST, DELETE, PUT
1 < Access-Control-Allow-Headers: Content-Type, api_key, Authorization
1 < Server: Jetty(9.2.9.v20150224)
[{"id":9223372016900013808,"category":{"id":0,"name":"string"},"name":"junior-toby","photoUrls":["string"],"tags":[{"id":0,"name":"string"}],"status":"sold"},{"id":111111,"category":{"id":11111,"name":"string"},"name":"puppy","photoUrls":["string"],"tags":[{"id":111,"name":"string"}],"status":"sold"},{"id":9223372016900014348,"category":{"id":83089521,"name":"aute"},"name":"doggie","photoUrls":["esse ea dese","proident sunt non"],"tags":[{"id":-7333794,"name":"deserunt reprehenderit"},{"id":-49874740,"name":"consequat aliqua magna officia"}],"status":"sold"},{"id":12084391,"category":{"id":-48583,"name":"cupidatat amet commodo"},"name":"doggie","photoUrls":["fugiat Ut eu","exercitation nostr"],"tags":[{"id":-27183415,"name":"e"},{"id":86979382,"name":"in anim consectetur Lorem ut"}],"status":"sold"},{"id":9223372016900014381,"category":{"id":2299282,"name":"officia d"},"name":"doggie","photoUrls":["veniam ad","consectetur laboris anim"],"tags":[{"id":6282852,"name":"aliqua deserunt irure do Excepteur"},{"id":-79344316,"name":"dolor veniam non Ut"}],"status":"sold"}]
00:11:27.556 [main] ERROR com.intuit.karate - src/test/java/features/GetStatusPet.feature:15
* match each pets.status == 'sold'
match failed: EACH_EQUALS
  $ | actual is not an array or list (STRING:STRING)
  '#notpresent'
  'sold'

src/test/java/features/GetStatusPet.feature:15
00:11:28.153 [main] INFO  com.intuit.karate.Suite - <<fail>> feature 1 of 1 (0 remaining) src/test/java/features/GetStatusPet.feature
00:11:55.686 [main] INFO  com.intuit.karate.Suite - backed up existing 'target\karate-reports' dir to: target\karate-reports_1705036315685
00:11:55.712 [main] INFO  c.intuit.karate.core.FeatureRuntime - found scenario at line: 8 - ^Consultar la mascota modificada por estatus \(Búsqueda por estatus \= sold\)$
00:11:56.823 [main] DEBUG com.intuit.karate - request:
1 > GET https://petstore.swagger.io/v2/pet/findByStatus?status=sold
1 > Host: petstore.swagger.io
1 > Connection: Keep-Alive
1 > User-Agent: Apache-HttpClient/4.5.13 (Java/1.8.0_392)
1 > Accept-Encoding: gzip,deflate


00:11:57.692 [main] DEBUG com.intuit.karate - response time in milliseconds: 867
1 < 200
1 < Date: Fri, 12 Jan 2024 05:11:59 GMT
1 < Content-Type: application/json
1 < Transfer-Encoding: chunked
1 < Connection: keep-alive
1 < Access-Control-Allow-Origin: *
1 < Access-Control-Allow-Methods: GET, POST, DELETE, PUT
1 < Access-Control-Allow-Headers: Content-Type, api_key, Authorization
1 < Server: Jetty(9.2.9.v20150224)
[{"id":9223372016900013808,"category":{"id":0,"name":"string"},"name":"junior-toby","photoUrls":["string"],"tags":[{"id":0,"name":"string"}],"status":"sold"},{"id":111111,"category":{"id":11111,"name":"string"},"name":"puppy","photoUrls":["string"],"tags":[{"id":111,"name":"string"}],"status":"sold"},{"id":9223372016900014348,"category":{"id":83089521,"name":"aute"},"name":"doggie","photoUrls":["esse ea dese","proident sunt non"],"tags":[{"id":-7333794,"name":"deserunt reprehenderit"},{"id":-49874740,"name":"consequat aliqua magna officia"}],"status":"sold"},{"id":12084391,"category":{"id":-48583,"name":"cupidatat amet commodo"},"name":"doggie","photoUrls":["fugiat Ut eu","exercitation nostr"],"tags":[{"id":-27183415,"name":"e"},{"id":86979382,"name":"in anim consectetur Lorem ut"}],"status":"sold"},{"id":9223372016900014381,"category":{"id":2299282,"name":"officia d"},"name":"doggie","photoUrls":["veniam ad","consectetur laboris anim"],"tags":[{"id":6282852,"name":"aliqua deserunt irure do Excepteur"},{"id":-79344316,"name":"dolor veniam non Ut"}],"status":"sold"}]
00:11:57.719 [main] DEBUG c.intuit.karate.core.ScenarioEngine - over-writing existing variable 'response' with new value: response
00:11:57.861 [main] INFO  com.intuit.karate - [print] [
  {
    "id": 9223372016900013808,
    "category": {
      "id": 0,
      "name": "string"
    },
    "name": "junior-toby",
    "photoUrls": [
      "string"
    ],
    "tags": [
      {
        "id": 0,
        "name": "string"
      }
    ],
    "status": "sold"
  },
  {
    "id": 111111,
    "category": {
      "id": 11111,
      "name": "string"
    },
    "name": "puppy",
    "photoUrls": [
      "string"
    ],
    "tags": [
      {
        "id": 111,
        "name": "string"
      }
    ],
    "status": "sold"
  },
  {
    "id": 9223372016900014348,
    "category": {
      "id": 83089521,
      "name": "aute"
    },
    "name": "doggie",
    "photoUrls": [
      "esse ea dese",
      "proident sunt non"
    ],
    "tags": [
      {
        "id": -7333794,
        "name": "deserunt reprehenderit"
      },
      {
        "id": -49874740,
        "name": "consequat aliqua magna officia"
      }
    ],
    "status": "sold"
  },
  {
    "id": 12084391,
    "category": {
      "id": -48583,
      "name": "cupidatat amet commodo"
    },
    "name": "doggie",
    "photoUrls": [
      "fugiat Ut eu",
      "exercitation nostr"
    ],
    "tags": [
      {
        "id": -27183415,
        "name": "e"
      },
      {
        "id": 86979382,
        "name": "in anim consectetur Lorem ut"
      }
    ],
    "status": "sold"
  },
  {
    "id": 9223372016900014381,
    "category": {
      "id": 2299282,
      "name": "officia d"
    },
    "name": "doggie",
    "photoUrls": [
      "veniam ad",
      "consectetur laboris anim"
    ],
    "tags": [
      {
        "id": 6282852,
        "name": "aliqua deserunt irure do Excepteur"
      },
      {
        "id": -79344316,
        "name": "dolor veniam non Ut"
      }
    ],
    "status": "sold"
  }
]
 
00:11:57.883 [main] ERROR com.intuit.karate - src/test/java/features/GetStatusPet.feature:15
* match each pets == {status: 'sold'}
match failed: EACH_EQUALS
  $ | match each failed at index 0 (LIST:MAP)
  [{"id":9223372016900013808,"category":{"id":0,"name":"string"},"name":"junior-toby","photoUrls":["string"],"tags":[{"id":0,"name":"string"}],"status":"sold"},{"id":111111,"category":{"id":11111,"name":"string"},"name":"puppy","photoUrls":["string"],"tags":[{"id":111,"name":"string"}],"status":"sold"},{"id":9223372016900014348,"category":{"id":83089521,"name":"aute"},"name":"doggie","photoUrls":["esse ea dese","proident sunt non"],"tags":[{"id":-7333794,"name":"deserunt reprehenderit"},{"id":-49874740,"name":"consequat aliqua magna officia"}],"status":"sold"},{"id":12084391,"category":{"id":-48583,"name":"cupidatat amet commodo"},"name":"doggie","photoUrls":["fugiat Ut eu","exercitation nostr"],"tags":[{"id":-27183415,"name":"e"},{"id":86979382,"name":"in anim consectetur Lorem ut"}],"status":"sold"},{"id":9223372016900014381,"category":{"id":2299282,"name":"officia d"},"name":"doggie","photoUrls":["veniam ad","consectetur laboris anim"],"tags":[{"id":6282852,"name":"aliqua deserunt irure do Excepteur"},{"id":-79344316,"name":"dolor veniam non Ut"}],"status":"sold"}]
  {"status":"sold"}

    $[0] | not equal | actual has 5 more key(s) than expected - {"id":9223372016900013808,"category":{"id":0,"name":"string"},"name":"junior-toby","photoUrls":["string"],"tags":[{"id":0,"name":"string"}]} (MAP:MAP)
    {"id":9223372016900013808,"category":{"id":0,"name":"string"},"name":"junior-toby","photoUrls":["string"],"tags":[{"id":0,"name":"string"}],"status":"sold"}
    {"status":"sold"}


src/test/java/features/GetStatusPet.feature:15
00:11:58.293 [main] INFO  com.intuit.karate.Suite - <<fail>> feature 1 of 1 (0 remaining) src/test/java/features/GetStatusPet.feature
00:13:03.657 [main] INFO  com.intuit.karate.Suite - backed up existing 'target\karate-reports' dir to: target\karate-reports_1705036383656
00:13:04.796 [main] DEBUG com.intuit.karate - request:
1 > GET https://petstore.swagger.io/v2/pet/findByStatus?status=sold
1 > Host: petstore.swagger.io
1 > Connection: Keep-Alive
1 > User-Agent: Apache-HttpClient/4.5.13 (Java/1.8.0_392)
1 > Accept-Encoding: gzip,deflate


00:13:05.462 [main] DEBUG com.intuit.karate - response time in milliseconds: 663
1 < 200
1 < Date: Fri, 12 Jan 2024 05:13:06 GMT
1 < Content-Type: application/json
1 < Transfer-Encoding: chunked
1 < Connection: keep-alive
1 < Access-Control-Allow-Origin: *
1 < Access-Control-Allow-Methods: GET, POST, DELETE, PUT
1 < Access-Control-Allow-Headers: Content-Type, api_key, Authorization
1 < Server: Jetty(9.2.9.v20150224)
[{"id":9223372016900013808,"category":{"id":0,"name":"string"},"name":"junior-toby","photoUrls":["string"],"tags":[{"id":0,"name":"string"}],"status":"sold"},{"id":111111,"category":{"id":11111,"name":"string"},"name":"puppy","photoUrls":["string"],"tags":[{"id":111,"name":"string"}],"status":"sold"},{"id":9223372016900014348,"category":{"id":83089521,"name":"aute"},"name":"doggie","photoUrls":["esse ea dese","proident sunt non"],"tags":[{"id":-7333794,"name":"deserunt reprehenderit"},{"id":-49874740,"name":"consequat aliqua magna officia"}],"status":"sold"},{"id":12084391,"category":{"id":-48583,"name":"cupidatat amet commodo"},"name":"doggie","photoUrls":["fugiat Ut eu","exercitation nostr"],"tags":[{"id":-27183415,"name":"e"},{"id":86979382,"name":"in anim consectetur Lorem ut"}],"status":"sold"},{"id":9223372016900014381,"category":{"id":2299282,"name":"officia d"},"name":"doggie","photoUrls":["veniam ad","consectetur laboris anim"],"tags":[{"id":6282852,"name":"aliqua deserunt irure do Excepteur"},{"id":-79344316,"name":"dolor veniam non Ut"}],"status":"sold"}]
00:13:06.028 [main] INFO  com.intuit.karate.Suite - <<pass>> feature 1 of 1 (0 remaining) src/test/java/features/GetStatusPet.feature
00:15:24.887 [main] INFO  com.intuit.karate.Suite - backed up existing 'target\karate-reports' dir to: target\karate-reports_1705036524886
00:15:24.912 [main] INFO  c.intuit.karate.core.FeatureRuntime - found scenario at line: 9 - ^Consultar la mascota con estatus y nombre y status sold$
00:15:26.018 [main] DEBUG com.intuit.karate - request:
1 > GET https://petstore.swagger.io/v2/pet/findByStatus?status=sold&name=junior-toby
1 > Host: petstore.swagger.io
1 > Connection: Keep-Alive
1 > User-Agent: Apache-HttpClient/4.5.13 (Java/1.8.0_392)
1 > Accept-Encoding: gzip,deflate


00:15:26.733 [main] DEBUG com.intuit.karate - response time in milliseconds: 714
1 < 200
1 < Date: Fri, 12 Jan 2024 05:15:28 GMT
1 < Content-Type: application/json
1 < Transfer-Encoding: chunked
1 < Connection: keep-alive
1 < Access-Control-Allow-Origin: *
1 < Access-Control-Allow-Methods: GET, POST, DELETE, PUT
1 < Access-Control-Allow-Headers: Content-Type, api_key, Authorization
1 < Server: Jetty(9.2.9.v20150224)
[{"id":9223372016900013808,"category":{"id":0,"name":"string"},"name":"junior-toby","photoUrls":["string"],"tags":[{"id":0,"name":"string"}],"status":"sold"},{"id":111111,"category":{"id":11111,"name":"string"},"name":"puppy","photoUrls":["string"],"tags":[{"id":111,"name":"string"}],"status":"sold"},{"id":9223372016900014348,"category":{"id":83089521,"name":"aute"},"name":"doggie","photoUrls":["esse ea dese","proident sunt non"],"tags":[{"id":-7333794,"name":"deserunt reprehenderit"},{"id":-49874740,"name":"consequat aliqua magna officia"}],"status":"sold"},{"id":12084391,"category":{"id":-48583,"name":"cupidatat amet commodo"},"name":"doggie","photoUrls":["fugiat Ut eu","exercitation nostr"],"tags":[{"id":-27183415,"name":"e"},{"id":86979382,"name":"in anim consectetur Lorem ut"}],"status":"sold"},{"id":9223372016900014381,"category":{"id":2299282,"name":"officia d"},"name":"doggie","photoUrls":["veniam ad","consectetur laboris anim"],"tags":[{"id":6282852,"name":"aliqua deserunt irure do Excepteur"},{"id":-79344316,"name":"dolor veniam non Ut"}],"status":"sold"}]
00:15:26.883 [main] ERROR com.intuit.karate - src/test/java/features/GetStatusPet.feature:13
Then match response.name == 'junior-toby' && response.status == 'sold'
match failed: EQUALS
  $ | actual path does not exist (STRING:BOOLEAN)
  '#notpresent'
  false

src/test/java/features/GetStatusPet.feature:13
00:15:27.326 [main] INFO  com.intuit.karate.Suite - <<fail>> feature 1 of 1 (0 remaining) src/test/java/features/GetStatusPet.feature
00:15:54.349 [main] INFO  com.intuit.karate.Suite - backed up existing 'target\karate-reports' dir to: target\karate-reports_1705036554348
00:15:54.374 [main] INFO  c.intuit.karate.core.FeatureRuntime - found scenario at line: 9 - ^Consultar la mascota con estatus y nombre y status sold$
00:15:55.528 [main] DEBUG com.intuit.karate - request:
1 > GET https://petstore.swagger.io/v2/pet/findByStatus?status=sold&name=junior-toby
1 > Host: petstore.swagger.io
1 > Connection: Keep-Alive
1 > User-Agent: Apache-HttpClient/4.5.13 (Java/1.8.0_392)
1 > Accept-Encoding: gzip,deflate


00:15:56.334 [main] DEBUG com.intuit.karate - response time in milliseconds: 804
1 < 200
1 < Date: Fri, 12 Jan 2024 05:15:57 GMT
1 < Content-Type: application/json
1 < Transfer-Encoding: chunked
1 < Connection: keep-alive
1 < Access-Control-Allow-Origin: *
1 < Access-Control-Allow-Methods: GET, POST, DELETE, PUT
1 < Access-Control-Allow-Headers: Content-Type, api_key, Authorization
1 < Server: Jetty(9.2.9.v20150224)
[{"id":9223372016900013808,"category":{"id":0,"name":"string"},"name":"junior-toby","photoUrls":["string"],"tags":[{"id":0,"name":"string"}],"status":"sold"},{"id":111111,"category":{"id":11111,"name":"string"},"name":"puppy","photoUrls":["string"],"tags":[{"id":111,"name":"string"}],"status":"sold"},{"id":9223372016900014348,"category":{"id":83089521,"name":"aute"},"name":"doggie","photoUrls":["esse ea dese","proident sunt non"],"tags":[{"id":-7333794,"name":"deserunt reprehenderit"},{"id":-49874740,"name":"consequat aliqua magna officia"}],"status":"sold"},{"id":12084391,"category":{"id":-48583,"name":"cupidatat amet commodo"},"name":"doggie","photoUrls":["fugiat Ut eu","exercitation nostr"],"tags":[{"id":-27183415,"name":"e"},{"id":86979382,"name":"in anim consectetur Lorem ut"}],"status":"sold"},{"id":9223372016900014381,"category":{"id":2299282,"name":"officia d"},"name":"doggie","photoUrls":["veniam ad","consectetur laboris anim"],"tags":[{"id":6282852,"name":"aliqua deserunt irure do Excepteur"},{"id":-79344316,"name":"dolor veniam non Ut"}],"status":"sold"}]
00:15:56.409 [main] ERROR com.intuit.karate - src/test/java/features/GetStatusPet.feature:13
Then match response.name == 'junior-toby'
match failed: EQUALS
  $ | actual path does not exist (STRING:STRING)
  '#notpresent'
  'junior-toby'

src/test/java/features/GetStatusPet.feature:13
00:15:57.060 [main] INFO  com.intuit.karate.Suite - <<fail>> feature 1 of 1 (0 remaining) src/test/java/features/GetStatusPet.feature
00:16:26.153 [main] INFO  com.intuit.karate.Suite - backed up existing 'target\karate-reports' dir to: target\karate-reports_1705036586151
00:16:26.180 [main] INFO  c.intuit.karate.core.FeatureRuntime - found scenario at line: 9 - ^Consultar la mascota con estatus y nombre y status sold$
00:16:27.354 [main] DEBUG com.intuit.karate - request:
1 > GET https://petstore.swagger.io/v2/pet/findByStatus?status=sold&name=junior-toby
1 > Host: petstore.swagger.io
1 > Connection: Keep-Alive
1 > User-Agent: Apache-HttpClient/4.5.13 (Java/1.8.0_392)
1 > Accept-Encoding: gzip,deflate


00:16:28.043 [main] DEBUG com.intuit.karate - response time in milliseconds: 687
1 < 200
1 < Date: Fri, 12 Jan 2024 05:16:29 GMT
1 < Content-Type: application/json
1 < Transfer-Encoding: chunked
1 < Connection: keep-alive
1 < Access-Control-Allow-Origin: *
1 < Access-Control-Allow-Methods: GET, POST, DELETE, PUT
1 < Access-Control-Allow-Headers: Content-Type, api_key, Authorization
1 < Server: Jetty(9.2.9.v20150224)
[{"id":9223372016900013808,"category":{"id":0,"name":"string"},"name":"junior-toby","photoUrls":["string"],"tags":[{"id":0,"name":"string"}],"status":"sold"},{"id":111111,"category":{"id":11111,"name":"string"},"name":"puppy","photoUrls":["string"],"tags":[{"id":111,"name":"string"}],"status":"sold"},{"id":9223372016900014348,"category":{"id":83089521,"name":"aute"},"name":"doggie","photoUrls":["esse ea dese","proident sunt non"],"tags":[{"id":-7333794,"name":"deserunt reprehenderit"},{"id":-49874740,"name":"consequat aliqua magna officia"}],"status":"sold"},{"id":12084391,"category":{"id":-48583,"name":"cupidatat amet commodo"},"name":"doggie","photoUrls":["fugiat Ut eu","exercitation nostr"],"tags":[{"id":-27183415,"name":"e"},{"id":86979382,"name":"in anim consectetur Lorem ut"}],"status":"sold"},{"id":9223372016900014381,"category":{"id":2299282,"name":"officia d"},"name":"doggie","photoUrls":["veniam ad","consectetur laboris anim"],"tags":[{"id":6282852,"name":"aliqua deserunt irure do Excepteur"},{"id":-79344316,"name":"dolor veniam non Ut"}],"status":"sold"}]
00:16:28.197 [main] INFO  com.intuit.karate - [print] [
  {
    "id": 9223372016900013808,
    "category": {
      "id": 0,
      "name": "string"
    },
    "name": "junior-toby",
    "photoUrls": [
      "string"
    ],
    "tags": [
      {
        "id": 0,
        "name": "string"
      }
    ],
    "status": "sold"
  },
  {
    "id": 111111,
    "category": {
      "id": 11111,
      "name": "string"
    },
    "name": "puppy",
    "photoUrls": [
      "string"
    ],
    "tags": [
      {
        "id": 111,
        "name": "string"
      }
    ],
    "status": "sold"
  },
  {
    "id": 9223372016900014348,
    "category": {
      "id": 83089521,
      "name": "aute"
    },
    "name": "doggie",
    "photoUrls": [
      "esse ea dese",
      "proident sunt non"
    ],
    "tags": [
      {
        "id": -7333794,
        "name": "deserunt reprehenderit"
      },
      {
        "id": -49874740,
        "name": "consequat aliqua magna officia"
      }
    ],
    "status": "sold"
  },
  {
    "id": 12084391,
    "category": {
      "id": -48583,
      "name": "cupidatat amet commodo"
    },
    "name": "doggie",
    "photoUrls": [
      "fugiat Ut eu",
      "exercitation nostr"
    ],
    "tags": [
      {
        "id": -27183415,
        "name": "e"
      },
      {
        "id": 86979382,
        "name": "in anim consectetur Lorem ut"
      }
    ],
    "status": "sold"
  },
  {
    "id": 9223372016900014381,
    "category": {
      "id": 2299282,
      "name": "officia d"
    },
    "name": "doggie",
    "photoUrls": [
      "veniam ad",
      "consectetur laboris anim"
    ],
    "tags": [
      {
        "id": 6282852,
        "name": "aliqua deserunt irure do Excepteur"
      },
      {
        "id": -79344316,
        "name": "dolor veniam non Ut"
      }
    ],
    "status": "sold"
  }
]
 
00:16:28.216 [main] ERROR com.intuit.karate - src/test/java/features/GetStatusPet.feature:15
* match pet.name == 'junior-toby'
match failed: EQUALS
  $ | actual path does not exist (STRING:STRING)
  '#notpresent'
  'junior-toby'

src/test/java/features/GetStatusPet.feature:15
00:16:28.657 [main] INFO  com.intuit.karate.Suite - <<fail>> feature 1 of 1 (0 remaining) src/test/java/features/GetStatusPet.feature
00:18:21.862 [main] INFO  com.intuit.karate.Suite - backed up existing 'target\karate-reports' dir to: target\karate-reports_1705036701861
00:18:21.891 [main] INFO  c.intuit.karate.core.FeatureRuntime - found scenario at line: 9 - ^Consultar la mascota con estatus y nombre y status sold$
00:18:23.089 [main] DEBUG com.intuit.karate - request:
1 > GET https://petstore.swagger.io/v2/pet/findByStatus?status=sold&name=junior-toby
1 > Host: petstore.swagger.io
1 > Connection: Keep-Alive
1 > User-Agent: Apache-HttpClient/4.5.13 (Java/1.8.0_392)
1 > Accept-Encoding: gzip,deflate


00:18:23.785 [main] DEBUG com.intuit.karate - response time in milliseconds: 694
1 < 200
1 < Date: Fri, 12 Jan 2024 05:18:25 GMT
1 < Content-Type: application/json
1 < Transfer-Encoding: chunked
1 < Connection: keep-alive
1 < Access-Control-Allow-Origin: *
1 < Access-Control-Allow-Methods: GET, POST, DELETE, PUT
1 < Access-Control-Allow-Headers: Content-Type, api_key, Authorization
1 < Server: Jetty(9.2.9.v20150224)
[{"id":9223372016900013808,"category":{"id":0,"name":"string"},"name":"junior-toby","photoUrls":["string"],"tags":[{"id":0,"name":"string"}],"status":"sold"},{"id":111111,"category":{"id":11111,"name":"string"},"name":"puppy","photoUrls":["string"],"tags":[{"id":111,"name":"string"}],"status":"sold"},{"id":9223372016900014348,"category":{"id":83089521,"name":"aute"},"name":"doggie","photoUrls":["esse ea dese","proident sunt non"],"tags":[{"id":-7333794,"name":"deserunt reprehenderit"},{"id":-49874740,"name":"consequat aliqua magna officia"}],"status":"sold"},{"id":12084391,"category":{"id":-48583,"name":"cupidatat amet commodo"},"name":"doggie","photoUrls":["fugiat Ut eu","exercitation nostr"],"tags":[{"id":-27183415,"name":"e"},{"id":86979382,"name":"in anim consectetur Lorem ut"}],"status":"sold"},{"id":9223372016900014381,"category":{"id":2299282,"name":"officia d"},"name":"doggie","photoUrls":["veniam ad","consectetur laboris anim"],"tags":[{"id":6282852,"name":"aliqua deserunt irure do Excepteur"},{"id":-79344316,"name":"dolor veniam non Ut"}],"status":"sold"}]
00:18:23.952 [main] ERROR com.intuit.karate - src/test/java/features/GetStatusPet.feature:14
* match each petNames == 'junior-toby'
match failed: EACH_EQUALS
  $ | match each failed at index 1 (LIST:STRING)
  ["junior-toby","puppy","doggie","doggie","doggie"]
  'junior-toby'

    $[1] | not equal (STRING:STRING)
    'puppy'
    'junior-toby'

src/test/java/features/GetStatusPet.feature:14
00:18:24.504 [main] INFO  com.intuit.karate.Suite - <<fail>> feature 1 of 1 (0 remaining) src/test/java/features/GetStatusPet.feature
00:18:53.121 [main] INFO  com.intuit.karate.Suite - backed up existing 'target\karate-reports' dir to: target\karate-reports_1705036733120
00:18:53.147 [main] INFO  c.intuit.karate.core.FeatureRuntime - found scenario at line: 9 - ^Consultar la mascota con estatus y nombre y status sold$
00:18:54.241 [main] DEBUG com.intuit.karate - request:
1 > GET https://petstore.swagger.io/v2/pet/findByStatus?status=sold&name=junior-toby
1 > Host: petstore.swagger.io
1 > Connection: Keep-Alive
1 > User-Agent: Apache-HttpClient/4.5.13 (Java/1.8.0_392)
1 > Accept-Encoding: gzip,deflate


00:18:54.867 [main] DEBUG com.intuit.karate - response time in milliseconds: 624
1 < 200
1 < Date: Fri, 12 Jan 2024 05:18:56 GMT
1 < Content-Type: application/json
1 < Transfer-Encoding: chunked
1 < Connection: keep-alive
1 < Access-Control-Allow-Origin: *
1 < Access-Control-Allow-Methods: GET, POST, DELETE, PUT
1 < Access-Control-Allow-Headers: Content-Type, api_key, Authorization
1 < Server: Jetty(9.2.9.v20150224)
[{"id":9223372016900013808,"category":{"id":0,"name":"string"},"name":"junior-toby","photoUrls":["string"],"tags":[{"id":0,"name":"string"}],"status":"sold"},{"id":111111,"category":{"id":11111,"name":"string"},"name":"puppy","photoUrls":["string"],"tags":[{"id":111,"name":"string"}],"status":"sold"},{"id":9223372016900014348,"category":{"id":83089521,"name":"aute"},"name":"doggie","photoUrls":["esse ea dese","proident sunt non"],"tags":[{"id":-7333794,"name":"deserunt reprehenderit"},{"id":-49874740,"name":"consequat aliqua magna officia"}],"status":"sold"},{"id":12084391,"category":{"id":-48583,"name":"cupidatat amet commodo"},"name":"doggie","photoUrls":["fugiat Ut eu","exercitation nostr"],"tags":[{"id":-27183415,"name":"e"},{"id":86979382,"name":"in anim consectetur Lorem ut"}],"status":"sold"},{"id":9223372016900014381,"category":{"id":2299282,"name":"officia d"},"name":"doggie","photoUrls":["veniam ad","consectetur laboris anim"],"tags":[{"id":6282852,"name":"aliqua deserunt irure do Excepteur"},{"id":-79344316,"name":"dolor veniam non Ut"}],"status":"sold"}]
00:18:55.123 [main] INFO  com.intuit.karate - [print] [
  {
    "id": 9223372016900013808,
    "category": {
      "id": 0,
      "name": "string"
    },
    "name": "junior-toby",
    "photoUrls": [
      "string"
    ],
    "tags": [
      {
        "id": 0,
        "name": "string"
      }
    ],
    "status": "sold"
  },
  {
    "id": 111111,
    "category": {
      "id": 11111,
      "name": "string"
    },
    "name": "puppy",
    "photoUrls": [
      "string"
    ],
    "tags": [
      {
        "id": 111,
        "name": "string"
      }
    ],
    "status": "sold"
  },
  {
    "id": 9223372016900014348,
    "category": {
      "id": 83089521,
      "name": "aute"
    },
    "name": "doggie",
    "photoUrls": [
      "esse ea dese",
      "proident sunt non"
    ],
    "tags": [
      {
        "id": -7333794,
        "name": "deserunt reprehenderit"
      },
      {
        "id": -49874740,
        "name": "consequat aliqua magna officia"
      }
    ],
    "status": "sold"
  },
  {
    "id": 12084391,
    "category": {
      "id": -48583,
      "name": "cupidatat amet commodo"
    },
    "name": "doggie",
    "photoUrls": [
      "fugiat Ut eu",
      "exercitation nostr"
    ],
    "tags": [
      {
        "id": -27183415,
        "name": "e"
      },
      {
        "id": 86979382,
        "name": "in anim consectetur Lorem ut"
      }
    ],
    "status": "sold"
  },
  {
    "id": 9223372016900014381,
    "category": {
      "id": 2299282,
      "name": "officia d"
    },
    "name": "doggie",
    "photoUrls": [
      "veniam ad",
      "consectetur laboris anim"
    ],
    "tags": [
      {
        "id": 6282852,
        "name": "aliqua deserunt irure do Excepteur"
      },
      {
        "id": -79344316,
        "name": "dolor veniam non Ut"
      }
    ],
    "status": "sold"
  }
]
 
00:18:55.564 [main] INFO  com.intuit.karate.Suite - <<pass>> feature 1 of 1 (0 remaining) src/test/java/features/GetStatusPet.feature
00:21:11.392 [main] INFO  com.intuit.karate.Suite - backed up existing 'target\karate-reports' dir to: target\karate-reports_1705036871391
00:21:11.418 [main] INFO  c.intuit.karate.core.FeatureRuntime - found scenario at line: 9 - ^Consultar la mascota con estatus y filtrar por nombre$
00:21:12.576 [main] DEBUG com.intuit.karate - request:
1 > GET https://petstore.swagger.io/v2/pet/findByStatus?status=sold
1 > Host: petstore.swagger.io
1 > Connection: Keep-Alive
1 > User-Agent: Apache-HttpClient/4.5.13 (Java/1.8.0_392)
1 > Accept-Encoding: gzip,deflate


00:21:13.394 [main] DEBUG com.intuit.karate - response time in milliseconds: 814
1 < 200
1 < Date: Fri, 12 Jan 2024 05:21:14 GMT
1 < Content-Type: application/json
1 < Transfer-Encoding: chunked
1 < Connection: keep-alive
1 < Access-Control-Allow-Origin: *
1 < Access-Control-Allow-Methods: GET, POST, DELETE, PUT
1 < Access-Control-Allow-Headers: Content-Type, api_key, Authorization
1 < Server: Jetty(9.2.9.v20150224)
[{"id":9223372016900013808,"category":{"id":0,"name":"string"},"name":"junior-toby","photoUrls":["string"],"tags":[{"id":0,"name":"string"}],"status":"sold"},{"id":111111,"category":{"id":11111,"name":"string"},"name":"puppy","photoUrls":["string"],"tags":[{"id":111,"name":"string"}],"status":"sold"},{"id":9223372016900014348,"category":{"id":83089521,"name":"aute"},"name":"doggie","photoUrls":["esse ea dese","proident sunt non"],"tags":[{"id":-7333794,"name":"deserunt reprehenderit"},{"id":-49874740,"name":"consequat aliqua magna officia"}],"status":"sold"},{"id":12084391,"category":{"id":-48583,"name":"cupidatat amet commodo"},"name":"doggie","photoUrls":["fugiat Ut eu","exercitation nostr"],"tags":[{"id":-27183415,"name":"e"},{"id":86979382,"name":"in anim consectetur Lorem ut"}],"status":"sold"},{"id":9223372016900014381,"category":{"id":2299282,"name":"officia d"},"name":"doggie","photoUrls":["veniam ad","consectetur laboris anim"],"tags":[{"id":6282852,"name":"aliqua deserunt irure do Excepteur"},{"id":-79344316,"name":"dolor veniam non Ut"}],"status":"sold"}]
00:21:13.568 [main] INFO  com.intuit.karate - [print] [
  {
    "id": 9223372016900013808,
    "category": {
      "id": 0,
      "name": "string"
    },
    "name": "junior-toby",
    "photoUrls": [
      "string"
    ],
    "tags": [
      {
        "id": 0,
        "name": "string"
      }
    ],
    "status": "sold"
  }
]
 
00:21:14.061 [main] INFO  com.intuit.karate.Suite - <<pass>> feature 1 of 1 (0 remaining) src/test/java/features/GetStatusPet.feature
10:12:01.871 [main] INFO  com.intuit.karate.Suite - backed up existing 'target\karate-reports' dir to: target\karate-reports_1705504321869
10:12:01.922 [main] INFO  c.intuit.karate.core.FeatureRuntime - found scenario at line: 7 - ^Agregar una mascota$
10:12:03.295 [main] DEBUG com.intuit.karate - request:
1 > POST https://petstore.swagger.io/v2/pet
1 > Content-Type: application/json; charset=UTF-8
1 > Content-Length: 139
1 > Host: petstore.swagger.io
1 > Connection: Keep-Alive
1 > User-Agent: Apache-HttpClient/4.5.13 (Java/1.8.0_392)
1 > Accept-Encoding: gzip,deflate
{"id":0,"category":{"id":0,"name":"string"},"name":"junior1","photoUrls":["string"],"tags":[{"id":0,"name":"string"}],"status":"available"}

10:12:05.000 [main] DEBUG com.intuit.karate - response time in milliseconds: 1704
1 < 200
1 < Date: Wed, 17 Jan 2024 15:12:04 GMT
1 < Content-Type: application/json
1 < Transfer-Encoding: chunked
1 < Connection: keep-alive
1 < Access-Control-Allow-Origin: *
1 < Access-Control-Allow-Methods: GET, POST, DELETE, PUT
1 < Access-Control-Allow-Headers: Content-Type, api_key, Authorization
1 < Server: Jetty(9.2.9.v20150224)
{"id":9223372036854767520,"category":{"id":0,"name":"string"},"name":"junior1","photoUrls":["string"],"tags":[{"id":0,"name":"string"}],"status":"available"}
10:12:05.582 [main] INFO  com.intuit.karate.Suite - <<pass>> feature 1 of 1 (0 remaining) src/test/java/features/InsertPet.feature
10:15:54.206 [Test worker] DEBUG com.intuit.karate - request:
1 > GET https://petstore.swagger.io/v2/pet/findByStatus?status=sold
1 > Host: petstore.swagger.io
1 > Connection: Keep-Alive
1 > User-Agent: Apache-HttpClient/4.5.13 (Java/18.0.2.1)
1 > Accept-Encoding: gzip,deflate


10:15:55.898 [Test worker] DEBUG com.intuit.karate - response time in milliseconds: 1662
1 < 200
1 < Date: Wed, 17 Jan 2024 15:15:55 GMT
1 < Content-Type: application/json
1 < Transfer-Encoding: chunked
1 < Connection: keep-alive
1 < Access-Control-Allow-Origin: *
1 < Access-Control-Allow-Methods: GET, POST, DELETE, PUT
1 < Access-Control-Allow-Headers: Content-Type, api_key, Authorization
1 < Server: Jetty(9.2.9.v20150224)
[{"id":20593238,"category":{"id":96650357,"name":"ut aute"},"name":"doggie","photoUrls":["in deserunt sit qui elit","do dolore"],"tags":[{"id":80489283,"name":"dolore elit aute Excepteur anim"},{"id":-29854588,"name":"enim"}],"status":"sold"},{"id":9223372036854767435,"category":{"id":-88990991,"name":"ea commodo dolor irure"},"name":"doggie","photoUrls":["Lorem culpa tempor laborum elit","veniam adipisicing aliqua"],"tags":[{"id":54287335,"name":"enim nisi commodo"},{"id":-43453937,"name":"laborum"}],"status":"sold"},{"id":37930519,"category":{"id":-20083820,"name":"est"},"name":"doggie","photoUrls":["consectetur","proident sint"],"tags":[{"id":-50305895,"name":"occaecat labore"},{"id":-90748378,"name":"Duis irure"}],"status":"sold"},{"id":1,"category":{"id":1,"name":"cat"},"name":"dog","photoUrls":[],"tags":[],"status":"sold"}]
10:15:55.994 [Test worker] INFO  com.intuit.karate - [print] [
]
 
10:15:56.621 [Test worker] DEBUG com.intuit.karate - request:
1 > POST https://petstore.swagger.io/v2/pet
1 > Content-Type: application/json; charset=UTF-8
1 > Content-Length: 139
1 > Host: petstore.swagger.io
1 > Connection: Keep-Alive
1 > User-Agent: Apache-HttpClient/4.5.13 (Java/18.0.2.1)
1 > Accept-Encoding: gzip,deflate
{"id":0,"category":{"id":0,"name":"string"},"name":"junior1","photoUrls":["string"],"tags":[{"id":0,"name":"string"}],"status":"available"}

10:15:56.949 [Test worker] DEBUG com.intuit.karate - response time in milliseconds: 327
1 < 200
1 < Date: Wed, 17 Jan 2024 15:15:56 GMT
1 < Content-Type: application/json
1 < Transfer-Encoding: chunked
1 < Connection: keep-alive
1 < Access-Control-Allow-Origin: *
1 < Access-Control-Allow-Methods: GET, POST, DELETE, PUT
1 < Access-Control-Allow-Headers: Content-Type, api_key, Authorization
1 < Server: Jetty(9.2.9.v20150224)
{"id":9223372036854767554,"category":{"id":0,"name":"string"},"name":"junior1","photoUrls":["string"],"tags":[{"id":0,"name":"string"}],"status":"available"}
10:15:57.116 [Test worker] DEBUG com.intuit.karate - request:
1 > POST https://petstore.swagger.io/v2/pet/9223372016900013808?petId=9223372016900013808&name=junior-toby&status=sold
1 > Host: petstore.swagger.io
1 > Connection: Keep-Alive
1 > User-Agent: Apache-HttpClient/4.5.13 (Java/18.0.2.1)
1 > Accept-Encoding: gzip,deflate


10:15:57.428 [Test worker] DEBUG com.intuit.karate - response time in milliseconds: 311
1 < 404
1 < Date: Wed, 17 Jan 2024 15:15:56 GMT
1 < Content-Type: application/json
1 < Transfer-Encoding: chunked
1 < Connection: keep-alive
1 < Access-Control-Allow-Origin: *
1 < Access-Control-Allow-Methods: GET, POST, DELETE, PUT
1 < Access-Control-Allow-Headers: Content-Type, api_key, Authorization
1 < Server: Jetty(9.2.9.v20150224)
{"code":404,"type":"unknown","message":"not found"}
10:15:57.433 [Test worker] ERROR com.intuit.karate - classpath:features/UpdatePet.feature:13
Then status 200
status code was: 404, expected: 200, response time in milliseconds: 311, url: https://petstore.swagger.io/v2/pet/9223372016900013808?petId=9223372016900013808&name=junior-toby&status=sold, response: 
{"code":404,"type":"unknown","message":"not found"}
classpath:features/UpdatePet.feature:13
10:15:57.578 [Test worker] DEBUG com.intuit.karate - request:
1 > GET https://petstore.swagger.io/v2/pet/9223372016900013808
1 > Host: petstore.swagger.io
1 > Connection: Keep-Alive
1 > User-Agent: Apache-HttpClient/4.5.13 (Java/18.0.2.1)
1 > Accept-Encoding: gzip,deflate


10:15:57.900 [Test worker] DEBUG com.intuit.karate - response time in milliseconds: 321
1 < 404
1 < Date: Wed, 17 Jan 2024 15:15:57 GMT
1 < Content-Type: application/json
1 < Transfer-Encoding: chunked
1 < Connection: keep-alive
1 < Access-Control-Allow-Origin: *
1 < Access-Control-Allow-Methods: GET, POST, DELETE, PUT
1 < Access-Control-Allow-Headers: Content-Type, api_key, Authorization
1 < Server: Jetty(9.2.9.v20150224)
{"code":1,"type":"error","message":"Pet not found"}
10:15:57.904 [Test worker] ERROR com.intuit.karate - classpath:features/GetPetById.feature:10
Then status 200
status code was: 404, expected: 200, response time in milliseconds: 321, url: https://petstore.swagger.io/v2/pet/9223372016900013808, response: 
{"code":1,"type":"error","message":"Pet not found"}
classpath:features/GetPetById.feature:10
10:17:52.770 [Test worker] DEBUG com.intuit.karate - request:
1 > POST https://petstore.swagger.io/v2/pet
1 > Content-Type: application/json; charset=UTF-8
1 > Content-Length: 139
1 > Host: petstore.swagger.io
1 > Connection: Keep-Alive
1 > User-Agent: Apache-HttpClient/4.5.13 (Java/18.0.2.1)
1 > Accept-Encoding: gzip,deflate
{"id":0,"category":{"id":0,"name":"string"},"name":"junior1","photoUrls":["string"],"tags":[{"id":0,"name":"string"}],"status":"available"}

10:17:53.625 [Test worker] DEBUG com.intuit.karate - response time in milliseconds: 849
1 < 200
1 < Date: Wed, 17 Jan 2024 15:17:53 GMT
1 < Content-Type: application/json
1 < Transfer-Encoding: chunked
1 < Connection: keep-alive
1 < Access-Control-Allow-Origin: *
1 < Access-Control-Allow-Methods: GET, POST, DELETE, PUT
1 < Access-Control-Allow-Headers: Content-Type, api_key, Authorization
1 < Server: Jetty(9.2.9.v20150224)
{"id":9223372036854767565,"category":{"id":0,"name":"string"},"name":"junior1","photoUrls":["string"],"tags":[{"id":0,"name":"string"}],"status":"available"}
10:18:22.536 [Test worker] DEBUG com.intuit.karate - request:
1 > GET https://petstore.swagger.io/v2/pet/9223372016900013808
1 > Host: petstore.swagger.io
1 > Connection: Keep-Alive
1 > User-Agent: Apache-HttpClient/4.5.13 (Java/18.0.2.1)
1 > Accept-Encoding: gzip,deflate


10:18:23.087 [Test worker] DEBUG com.intuit.karate - response time in milliseconds: 546
1 < 404
1 < Date: Wed, 17 Jan 2024 15:18:22 GMT
1 < Content-Type: application/json
1 < Transfer-Encoding: chunked
1 < Connection: keep-alive
1 < Access-Control-Allow-Origin: *
1 < Access-Control-Allow-Methods: GET, POST, DELETE, PUT
1 < Access-Control-Allow-Headers: Content-Type, api_key, Authorization
1 < Server: Jetty(9.2.9.v20150224)
{"code":1,"type":"error","message":"Pet not found"}
10:18:23.110 [Test worker] ERROR com.intuit.karate - classpath:features/GetPetById.feature:10
Then status 200
status code was: 404, expected: 200, response time in milliseconds: 546, url: https://petstore.swagger.io/v2/pet/9223372016900013808, response: 
{"code":1,"type":"error","message":"Pet not found"}
classpath:features/GetPetById.feature:10
10:20:11.804 [Test worker] DEBUG com.intuit.karate - request:
1 > POST https://petstore.swagger.io/v2/pet
1 > Content-Type: application/json; charset=UTF-8
1 > Content-Length: 139
1 > Host: petstore.swagger.io
1 > Connection: Keep-Alive
1 > User-Agent: Apache-HttpClient/4.5.13 (Java/18.0.2.1)
1 > Accept-Encoding: gzip,deflate
{"id":0,"category":{"id":0,"name":"string"},"name":"junior1","photoUrls":["string"],"tags":[{"id":0,"name":"string"}],"status":"available"}

10:20:12.703 [Test worker] DEBUG com.intuit.karate - response time in milliseconds: 880
1 < 200
1 < Date: Wed, 17 Jan 2024 15:20:12 GMT
1 < Content-Type: application/json
1 < Transfer-Encoding: chunked
1 < Connection: keep-alive
1 < Access-Control-Allow-Origin: *
1 < Access-Control-Allow-Methods: GET, POST, DELETE, PUT
1 < Access-Control-Allow-Headers: Content-Type, api_key, Authorization
1 < Server: Jetty(9.2.9.v20150224)
{"id":9223372036854767619,"category":{"id":0,"name":"string"},"name":"junior1","photoUrls":["string"],"tags":[{"id":0,"name":"string"}],"status":"available"}
10:22:56.973 [Test worker] DEBUG com.intuit.karate - request:
1 > GET https://petstore.swagger.io/v2/pet/9223372036854767619
1 > Host: petstore.swagger.io
1 > Connection: Keep-Alive
1 > User-Agent: Apache-HttpClient/4.5.13 (Java/18.0.2.1)
1 > Accept-Encoding: gzip,deflate


10:22:58.569 [Test worker] DEBUG com.intuit.karate - response time in milliseconds: 1576
1 < 200
1 < Date: Wed, 17 Jan 2024 15:22:58 GMT
1 < Content-Type: application/json
1 < Transfer-Encoding: chunked
1 < Connection: keep-alive
1 < Access-Control-Allow-Origin: *
1 < Access-Control-Allow-Methods: GET, POST, DELETE, PUT
1 < Access-Control-Allow-Headers: Content-Type, api_key, Authorization
1 < Server: Jetty(9.2.9.v20150224)
{"id":9223372036854767619,"category":{"id":0,"name":"string"},"name":"junior1","photoUrls":["string"],"tags":[{"id":0,"name":"string"}],"status":"available"}
10:24:03.257 [main] INFO  c.intuit.karate.core.FeatureRuntime - found scenario at line: 7 - ^Agregar una mascota$
10:24:04.657 [main] DEBUG com.intuit.karate - request:
1 > POST https://petstore.swagger.io/v2/pet
1 > Content-Type: application/json; charset=UTF-8
1 > Content-Length: 139
1 > Host: petstore.swagger.io
1 > Connection: Keep-Alive
1 > User-Agent: Apache-HttpClient/4.5.13 (Java/1.8.0_392)
1 > Accept-Encoding: gzip,deflate
{"id":0,"category":{"id":0,"name":"string"},"name":"junior1","photoUrls":["string"],"tags":[{"id":0,"name":"string"}],"status":"available"}

10:24:05.492 [main] DEBUG com.intuit.karate - response time in milliseconds: 832
1 < 200
1 < Date: Wed, 17 Jan 2024 15:24:05 GMT
1 < Content-Type: application/json
1 < Transfer-Encoding: chunked
1 < Connection: keep-alive
1 < Access-Control-Allow-Origin: *
1 < Access-Control-Allow-Methods: GET, POST, DELETE, PUT
1 < Access-Control-Allow-Headers: Content-Type, api_key, Authorization
1 < Server: Jetty(9.2.9.v20150224)
{"id":9223372036854767702,"category":{"id":0,"name":"string"},"name":"junior1","photoUrls":["string"],"tags":[{"id":0,"name":"string"}],"status":"available"}
10:24:06.016 [main] INFO  com.intuit.karate.Suite - <<pass>> feature 1 of 1 (0 remaining) src/test/java/features/InsertPet.feature
10:27:26.891 [Test worker] DEBUG com.intuit.karate - request:
1 > POST https://petstore.swagger.io/v2/pet
1 > Content-Type: application/json; charset=UTF-8
1 > Content-Length: 139
1 > Host: petstore.swagger.io
1 > Connection: Keep-Alive
1 > User-Agent: Apache-HttpClient/4.5.13 (Java/1.8.0_392)
1 > Accept-Encoding: gzip,deflate
{"id":0,"category":{"id":0,"name":"string"},"name":"junior1","photoUrls":["string"],"tags":[{"id":0,"name":"string"}],"status":"available"}

10:27:27.867 [Test worker] DEBUG com.intuit.karate - response time in milliseconds: 700
1 < 200
1 < Date: Wed, 17 Jan 2024 15:27:27 GMT
1 < Content-Type: application/json
1 < Transfer-Encoding: chunked
1 < Connection: keep-alive
1 < Access-Control-Allow-Origin: *
1 < Access-Control-Allow-Methods: GET, POST, DELETE, PUT
1 < Access-Control-Allow-Headers: Content-Type, api_key, Authorization
1 < Server: Jetty(9.2.9.v20150224)
{"id":9223372036854767740,"category":{"id":0,"name":"string"},"name":"junior1","photoUrls":["string"],"tags":[{"id":0,"name":"string"}],"status":"available"}
10:51:02.502 [Test worker] DEBUG com.intuit.karate - request:
1 > POST https://petstore.swagger.io/v2/pet
1 > Content-Type: application/json; charset=UTF-8
1 > Content-Length: 139
1 > Host: petstore.swagger.io
1 > Connection: Keep-Alive
1 > User-Agent: Apache-HttpClient/4.5.13 (Java/18.0.2.1)
1 > Accept-Encoding: gzip,deflate
{"id":0,"category":{"id":0,"name":"string"},"name":"junior1","photoUrls":["string"],"tags":[{"id":0,"name":"string"}],"status":"available"}

10:51:03.601 [Test worker] DEBUG com.intuit.karate - response time in milliseconds: 1078
1 < 200
1 < Date: Wed, 17 Jan 2024 15:51:03 GMT
1 < Content-Type: application/json
1 < Transfer-Encoding: chunked
1 < Connection: keep-alive
1 < Access-Control-Allow-Origin: *
1 < Access-Control-Allow-Methods: GET, POST, DELETE, PUT
1 < Access-Control-Allow-Headers: Content-Type, api_key, Authorization
1 < Server: Jetty(9.2.9.v20150224)
{"id":9223372036854775807,"category":{"id":0,"name":"string"},"name":"junior1","photoUrls":["string"],"tags":[{"id":0,"name":"string"}],"status":"available"}
10:51:42.849 [Test worker] DEBUG com.intuit.karate - request:
1 > POST https://petstore.swagger.io/v2/pet
1 > Content-Type: application/json; charset=UTF-8
1 > Content-Length: 139
1 > Host: petstore.swagger.io
1 > Connection: Keep-Alive
1 > User-Agent: Apache-HttpClient/4.5.13 (Java/18.0.2.1)
1 > Accept-Encoding: gzip,deflate
{"id":0,"category":{"id":0,"name":"string"},"name":"junior1","photoUrls":["string"],"tags":[{"id":0,"name":"string"}],"status":"available"}

10:51:43.426 [Test worker] DEBUG com.intuit.karate - response time in milliseconds: 572
1 < 200
1 < Date: Wed, 17 Jan 2024 15:51:42 GMT
1 < Content-Type: application/json
1 < Transfer-Encoding: chunked
1 < Connection: keep-alive
1 < Access-Control-Allow-Origin: *
1 < Access-Control-Allow-Methods: GET, POST, DELETE, PUT
1 < Access-Control-Allow-Headers: Content-Type, api_key, Authorization
1 < Server: Jetty(9.2.9.v20150224)
{"id":9223372036854775807,"category":{"id":0,"name":"string"},"name":"junior1","photoUrls":["string"],"tags":[{"id":0,"name":"string"}],"status":"available"}
10:57:52.757 [Test worker] DEBUG com.intuit.karate - request:
1 > POST https://petstore.swagger.io/v2/pet
1 > Content-Type: application/json; charset=UTF-8
1 > Content-Length: 139
1 > Host: petstore.swagger.io
1 > Connection: Keep-Alive
1 > User-Agent: Apache-HttpClient/4.5.13 (Java/18.0.2.1)
1 > Accept-Encoding: gzip,deflate
{"id":0,"category":{"id":0,"name":"string"},"name":"junior1","photoUrls":["string"],"tags":[{"id":0,"name":"string"}],"status":"available"}

10:57:53.780 [Test worker] DEBUG com.intuit.karate - response time in milliseconds: 1018
1 < 200
1 < Date: Wed, 17 Jan 2024 15:57:53 GMT
1 < Content-Type: application/json
1 < Transfer-Encoding: chunked
1 < Connection: keep-alive
1 < Access-Control-Allow-Origin: *
1 < Access-Control-Allow-Methods: GET, POST, DELETE, PUT
1 < Access-Control-Allow-Headers: Content-Type, api_key, Authorization
1 < Server: Jetty(9.2.9.v20150224)
{"id":9223372036854775807,"category":{"id":0,"name":"string"},"name":"junior1","photoUrls":["string"],"tags":[{"id":0,"name":"string"}],"status":"available"}
10:57:53.812 [Test worker] ERROR com.intuit.karate - classpath:features/InsertPet.feature:15
* karate.write('classpath:JSON/ResponsePet', jsonReponse)
js failed:
>>>>
01: karate.write('classpath:JSON/ResponsePet', jsonReponse)
<<<<
org.graalvm.polyglot.PolyglotException: TypeError: invokeMember (write) on com.intuit.karate.core.ScenarioBridge@183ade54 failed due to: Cannot convert '{id=9223372036854775807, category={id=0, name=string}, name=junior1, photoUrls=["string"], tags=[{"id":0,"name":"string"}], status=availa...'(language: Java, type: com.intuit.karate.graal.JsMap) to Java type 'java.lang.String': Invalid or lossy primitive coercion.
- <js>.:program(Unnamed:1)

classpath:features/InsertPet.feature:15
10:58:19.317 [main] INFO  c.intuit.karate.core.FeatureRuntime - found scenario at line: 7 - ^Agregar una mascota$
10:58:20.627 [main] DEBUG com.intuit.karate - request:
1 > POST https://petstore.swagger.io/v2/pet
1 > Content-Type: application/json; charset=UTF-8
1 > Content-Length: 139
1 > Host: petstore.swagger.io
1 > Connection: Keep-Alive
1 > User-Agent: Apache-HttpClient/4.5.13 (Java/1.8.0_392)
1 > Accept-Encoding: gzip,deflate
{"id":0,"category":{"id":0,"name":"string"},"name":"junior1","photoUrls":["string"],"tags":[{"id":0,"name":"string"}],"status":"available"}

10:58:21.328 [main] DEBUG com.intuit.karate - response time in milliseconds: 699
1 < 200
1 < Date: Wed, 17 Jan 2024 15:58:20 GMT
1 < Content-Type: application/json
1 < Transfer-Encoding: chunked
1 < Connection: keep-alive
1 < Access-Control-Allow-Origin: *
1 < Access-Control-Allow-Methods: GET, POST, DELETE, PUT
1 < Access-Control-Allow-Headers: Content-Type, api_key, Authorization
1 < Server: Jetty(9.2.9.v20150224)
{"id":9223372036854775807,"category":{"id":0,"name":"string"},"name":"junior1","photoUrls":["string"],"tags":[{"id":0,"name":"string"}],"status":"available"}
10:58:21.356 [main] ERROR com.intuit.karate - src/test/java/features/InsertPet.feature:15
* karate.write('classpath:JSON/ResponsePet', jsonReponse)
js failed:
>>>>
01: karate.write('classpath:JSON/ResponsePet', jsonReponse)
<<<<
org.graalvm.polyglot.PolyglotException: TypeError: invokeMember (write) on com.intuit.karate.core.ScenarioBridge@5bdaf2ce failed due to: Cannot convert '{id=9223372036854775807, category={id=0, name=string}, name=junior1, photoUrls=["string"], tags=[{"id":0,"name":"string"}], status=availa...'(language: Java, type: com.intuit.karate.graal.JsMap) to Java type 'java.lang.String': Invalid or lossy primitive coercion.
- <js>.:program(Unnamed:1)

src/test/java/features/InsertPet.feature:15
10:58:21.843 [main] INFO  com.intuit.karate.Suite - <<fail>> feature 1 of 1 (0 remaining) src/test/java/features/InsertPet.feature
11:00:07.025 [Test worker] DEBUG com.intuit.karate - request:
1 > POST https://petstore.swagger.io/v2/pet
1 > Content-Type: application/json; charset=UTF-8
1 > Content-Length: 139
1 > Host: petstore.swagger.io
1 > Connection: Keep-Alive
1 > User-Agent: Apache-HttpClient/4.5.13 (Java/18.0.2.1)
1 > Accept-Encoding: gzip,deflate
{"id":0,"category":{"id":0,"name":"string"},"name":"junior1","photoUrls":["string"],"tags":[{"id":0,"name":"string"}],"status":"available"}

11:00:07.991 [Test worker] DEBUG com.intuit.karate - response time in milliseconds: 859
1 < 200
1 < Date: Wed, 17 Jan 2024 16:00:07 GMT
1 < Content-Type: application/json
1 < Transfer-Encoding: chunked
1 < Connection: keep-alive
1 < Access-Control-Allow-Origin: *
1 < Access-Control-Allow-Methods: GET, POST, DELETE, PUT
1 < Access-Control-Allow-Headers: Content-Type, api_key, Authorization
1 < Server: Jetty(9.2.9.v20150224)
{"id":9223372036854775807,"category":{"id":0,"name":"string"},"name":"junior1","photoUrls":["string"],"tags":[{"id":0,"name":"string"}],"status":"available"}
11:00:08.031 [Test worker] ERROR com.intuit.karate - classpath:features/InsertPet.feature:15
* karate.write('classpath:JSON/ResponsePet.json', jsonReponse)
js failed:
>>>>
01: karate.write('classpath:JSON/ResponsePet.json', jsonReponse)
<<<<
org.graalvm.polyglot.PolyglotException: TypeError: invokeMember (write) on com.intuit.karate.core.ScenarioBridge@183ade54 failed due to: Cannot convert '{id=9223372036854775807, category={id=0, name=string}, name=junior1, photoUrls=["string"], tags=[{"id":0,"name":"string"}], status=availa...'(language: Java, type: com.intuit.karate.graal.JsMap) to Java type 'java.lang.String': Invalid or lossy primitive coercion.
- <js>.:program(Unnamed:1)

classpath:features/InsertPet.feature:15
11:02:03.552 [Test worker] DEBUG com.intuit.karate - request:
1 > POST https://petstore.swagger.io/v2/pet
1 > Content-Type: application/json; charset=UTF-8
1 > Content-Length: 139
1 > Host: petstore.swagger.io
1 > Connection: Keep-Alive
1 > User-Agent: Apache-HttpClient/4.5.13 (Java/18.0.2.1)
1 > Accept-Encoding: gzip,deflate
{"id":0,"category":{"id":0,"name":"string"},"name":"junior1","photoUrls":["string"],"tags":[{"id":0,"name":"string"}],"status":"available"}

11:02:04.224 [Test worker] DEBUG com.intuit.karate - response time in milliseconds: 626
1 < 200
1 < Date: Wed, 17 Jan 2024 16:02:03 GMT
1 < Content-Type: application/json
1 < Transfer-Encoding: chunked
1 < Connection: keep-alive
1 < Access-Control-Allow-Origin: *
1 < Access-Control-Allow-Methods: GET, POST, DELETE, PUT
1 < Access-Control-Allow-Headers: Content-Type, api_key, Authorization
1 < Server: Jetty(9.2.9.v20150224)
{"id":9223372036854775807,"category":{"id":0,"name":"string"},"name":"junior1","photoUrls":["string"],"tags":[{"id":0,"name":"string"}],"status":"available"}
11:03:02.575 [Test worker] DEBUG com.intuit.karate - request:
1 > GET https://petstore.swagger.io/v2/pet/9223372036854775807
1 > Host: petstore.swagger.io
1 > Connection: Keep-Alive
1 > User-Agent: Apache-HttpClient/4.5.13 (Java/18.0.2.1)
1 > Accept-Encoding: gzip,deflate


11:03:03.425 [Test worker] DEBUG com.intuit.karate - response time in milliseconds: 837
1 < 200
1 < Date: Wed, 17 Jan 2024 16:03:02 GMT
1 < Content-Type: application/json
1 < Transfer-Encoding: chunked
1 < Connection: keep-alive
1 < Access-Control-Allow-Origin: *
1 < Access-Control-Allow-Methods: GET, POST, DELETE, PUT
1 < Access-Control-Allow-Headers: Content-Type, api_key, Authorization
1 < Server: Jetty(9.2.9.v20150224)
{"id":9223372036854775807,"category":{"id":0,"name":"string"},"name":"cat","photoUrls":[""],"tags":[{"id":0,"name":""}],"status":"available"}
11:05:00.573 [Test worker] DEBUG com.intuit.karate - request:
1 > POST https://petstore.swagger.io/v2/pet
1 > Content-Type: application/json; charset=UTF-8
1 > Content-Length: 137
1 > Host: petstore.swagger.io
1 > Connection: Keep-Alive
1 > User-Agent: Apache-HttpClient/4.5.13 (Java/18.0.2.1)
1 > Accept-Encoding: gzip,deflate
{"id":0,"category":{"id":0,"name":"string"},"name":"spike","photoUrls":["string"],"tags":[{"id":0,"name":"string"}],"status":"available"}

11:05:01.242 [Test worker] DEBUG com.intuit.karate - response time in milliseconds: 664
1 < 200
1 < Date: Wed, 17 Jan 2024 16:05:00 GMT
1 < Content-Type: application/json
1 < Transfer-Encoding: chunked
1 < Connection: keep-alive
1 < Access-Control-Allow-Origin: *
1 < Access-Control-Allow-Methods: GET, POST, DELETE, PUT
1 < Access-Control-Allow-Headers: Content-Type, api_key, Authorization
1 < Server: Jetty(9.2.9.v20150224)
{"id":9223372036854775807,"category":{"id":0,"name":"string"},"name":"spike","photoUrls":["string"],"tags":[{"id":0,"name":"string"}],"status":"available"}
11:11:44.030 [Test worker] DEBUG com.intuit.karate - request:
1 > POST https://petstore.swagger.io/v2/pet
1 > Content-Type: application/json; charset=UTF-8
1 > Content-Length: 136
1 > Host: petstore.swagger.io
1 > Connection: Keep-Alive
1 > User-Agent: Apache-HttpClient/4.5.13 (Java/18.0.2.1)
1 > Accept-Encoding: gzip,deflate
{"id":0,"category":{"id":0,"name":"string"},"name":"TOBY","photoUrls":["string"],"tags":[{"id":0,"name":"string"}],"status":"available"}

11:11:44.752 [Test worker] DEBUG com.intuit.karate - response time in milliseconds: 717
1 < 200
1 < Date: Wed, 17 Jan 2024 16:11:44 GMT
1 < Content-Type: application/json
1 < Transfer-Encoding: chunked
1 < Connection: keep-alive
1 < Access-Control-Allow-Origin: *
1 < Access-Control-Allow-Methods: GET, POST, DELETE, PUT
1 < Access-Control-Allow-Headers: Content-Type, api_key, Authorization
1 < Server: Jetty(9.2.9.v20150224)
{"id":9223372036854775807,"category":{"id":0,"name":"string"},"name":"TOBY","photoUrls":["string"],"tags":[{"id":0,"name":"string"}],"status":"available"}
11:13:09.313 [main] INFO  com.intuit.karate.Suite - backed up existing 'target\karate-reports' dir to: target\karate-reports_1705507989312
11:13:09.342 [main] INFO  c.intuit.karate.core.FeatureRuntime - found scenario at line: 7 - ^Agregar una mascota$
11:13:10.873 [main] DEBUG com.intuit.karate - request:
1 > POST https://petstore.swagger.io/v2/pet
1 > Content-Type: application/json; charset=UTF-8
1 > Content-Length: 136
1 > Host: petstore.swagger.io
1 > Connection: Keep-Alive
1 > User-Agent: Apache-HttpClient/4.5.13 (Java/1.8.0_392)
1 > Accept-Encoding: gzip,deflate
{"id":0,"category":{"id":0,"name":"string"},"name":"TOBY","photoUrls":["string"],"tags":[{"id":0,"name":"string"}],"status":"available"}

11:13:11.651 [main] DEBUG com.intuit.karate - response time in milliseconds: 775
1 < 200
1 < Date: Wed, 17 Jan 2024 16:13:11 GMT
1 < Content-Type: application/json
1 < Transfer-Encoding: chunked
1 < Connection: keep-alive
1 < Access-Control-Allow-Origin: *
1 < Access-Control-Allow-Methods: GET, POST, DELETE, PUT
1 < Access-Control-Allow-Headers: Content-Type, api_key, Authorization
1 < Server: Jetty(9.2.9.v20150224)
{"id":9223372036854775807,"category":{"id":0,"name":"string"},"name":"TOBY","photoUrls":["string"],"tags":[{"id":0,"name":"string"}],"status":"available"}
11:13:12.391 [main] INFO  com.intuit.karate.Suite - <<pass>> feature 1 of 1 (0 remaining) src/test/java/features/InsertPet.feature
11:13:22.323 [main] INFO  com.intuit.karate.Suite - backed up existing 'target\karate-reports' dir to: target\karate-reports_1705508002321
11:13:22.359 [main] INFO  c.intuit.karate.core.FeatureRuntime - found scenario at line: 7 - ^Agregar una mascota$
11:13:23.772 [main] DEBUG com.intuit.karate - request:
1 > POST https://petstore.swagger.io/v2/pet
1 > Content-Type: application/json; charset=UTF-8
1 > Content-Length: 136
1 > Host: petstore.swagger.io
1 > Connection: Keep-Alive
1 > User-Agent: Apache-HttpClient/4.5.13 (Java/1.8.0_392)
1 > Accept-Encoding: gzip,deflate
{"id":0,"category":{"id":0,"name":"string"},"name":"TOBY","photoUrls":["string"],"tags":[{"id":0,"name":"string"}],"status":"available"}

11:13:24.497 [main] DEBUG com.intuit.karate - response time in milliseconds: 724
1 < 200
1 < Date: Wed, 17 Jan 2024 16:13:24 GMT
1 < Content-Type: application/json
1 < Transfer-Encoding: chunked
1 < Connection: keep-alive
1 < Access-Control-Allow-Origin: *
1 < Access-Control-Allow-Methods: GET, POST, DELETE, PUT
1 < Access-Control-Allow-Headers: Content-Type, api_key, Authorization
1 < Server: Jetty(9.2.9.v20150224)
{"id":9223372036854775807,"category":{"id":0,"name":"string"},"name":"TOBY","photoUrls":["string"],"tags":[{"id":0,"name":"string"}],"status":"available"}
11:13:25.086 [main] INFO  com.intuit.karate.Suite - <<pass>> feature 1 of 1 (0 remaining) src/test/java/features/InsertPet.feature
11:14:05.341 [main] INFO  com.intuit.karate.Suite - backed up existing 'target\karate-reports' dir to: target\karate-reports_1705508045340
11:14:05.366 [main] INFO  c.intuit.karate.core.FeatureRuntime - found scenario at line: 7 - ^buscar por id la mascota$
11:14:06.451 [main] DEBUG com.intuit.karate - request:
1 > GET https://petstore.swagger.io/v2/pet/9223372036854775807
1 > Host: petstore.swagger.io
1 > Connection: Keep-Alive
1 > User-Agent: Apache-HttpClient/4.5.13 (Java/1.8.0_392)
1 > Accept-Encoding: gzip,deflate


11:14:07.088 [main] DEBUG com.intuit.karate - response time in milliseconds: 633
1 < 200
1 < Date: Wed, 17 Jan 2024 16:14:06 GMT
1 < Content-Type: application/json
1 < Transfer-Encoding: chunked
1 < Connection: keep-alive
1 < Access-Control-Allow-Origin: *
1 < Access-Control-Allow-Methods: GET, POST, DELETE, PUT
1 < Access-Control-Allow-Headers: Content-Type, api_key, Authorization
1 < Server: Jetty(9.2.9.v20150224)
{"id":9223372036854775807,"category":{"id":0,"name":"string"},"name":"doggie","photoUrls":["string"],"tags":[{"id":0,"name":"string"}],"status":"string"}
11:14:07.829 [main] INFO  com.intuit.karate.Suite - <<pass>> feature 1 of 1 (0 remaining) src/test/java/features/GetPetById.feature
11:18:52.684 [main] INFO  com.intuit.karate.Suite - backed up existing 'target\karate-reports' dir to: target\karate-reports_1705508332683
11:18:52.710 [main] INFO  c.intuit.karate.core.FeatureRuntime - found scenario at line: 7 - ^buscar por id la mascota$
11:18:53.817 [main] DEBUG com.intuit.karate - request:
1 > GET https://petstore.swagger.io/v2/pet/9223372036854776000
1 > Host: petstore.swagger.io
1 > Connection: Keep-Alive
1 > User-Agent: Apache-HttpClient/4.5.13 (Java/1.8.0_392)
1 > Accept-Encoding: gzip,deflate


11:18:54.627 [main] DEBUG com.intuit.karate - response time in milliseconds: 808
1 < 404
1 < Date: Wed, 17 Jan 2024 16:18:54 GMT
1 < Content-Type: application/json
1 < Transfer-Encoding: chunked
1 < Connection: keep-alive
1 < Access-Control-Allow-Origin: *
1 < Access-Control-Allow-Methods: GET, POST, DELETE, PUT
1 < Access-Control-Allow-Headers: Content-Type, api_key, Authorization
1 < Server: Jetty(9.2.9.v20150224)
{"code":404,"type":"unknown","message":"java.lang.NumberFormatException: For input string: \"9223372036854776000\""}
11:18:54.653 [main] ERROR com.intuit.karate - src/test/java/features/GetPetById.feature:10
Then status 200
status code was: 404, expected: 200, response time in milliseconds: 808, url: https://petstore.swagger.io/v2/pet/9223372036854776000, response: 
{"code":404,"type":"unknown","message":"java.lang.NumberFormatException: For input string: \"9223372036854776000\""}
src/test/java/features/GetPetById.feature:10
11:18:55.161 [main] INFO  com.intuit.karate.Suite - <<fail>> feature 1 of 1 (0 remaining) src/test/java/features/GetPetById.feature
11:19:13.058 [main] INFO  com.intuit.karate.Suite - backed up existing 'target\karate-reports' dir to: target\karate-reports_1705508353057
11:19:13.084 [main] INFO  c.intuit.karate.core.FeatureRuntime - found scenario at line: 7 - ^buscar por id la mascota$
11:19:14.189 [main] DEBUG com.intuit.karate - request:
1 > GET https://petstore.swagger.io/v2/pet/9223372036854776000
1 > Host: petstore.swagger.io
1 > Connection: Keep-Alive
1 > User-Agent: Apache-HttpClient/4.5.13 (Java/1.8.0_392)
1 > Accept-Encoding: gzip,deflate


11:19:14.792 [main] DEBUG com.intuit.karate - response time in milliseconds: 602
1 < 404
1 < Date: Wed, 17 Jan 2024 16:19:14 GMT
1 < Content-Type: application/json
1 < Transfer-Encoding: chunked
1 < Connection: keep-alive
1 < Access-Control-Allow-Origin: *
1 < Access-Control-Allow-Methods: GET, POST, DELETE, PUT
1 < Access-Control-Allow-Headers: Content-Type, api_key, Authorization
1 < Server: Jetty(9.2.9.v20150224)
{"code":404,"type":"unknown","message":"java.lang.NumberFormatException: For input string: \"9223372036854776000\""}
11:19:14.817 [main] ERROR com.intuit.karate - src/test/java/features/GetPetById.feature:10
Then status 200
status code was: 404, expected: 200, response time in milliseconds: 602, url: https://petstore.swagger.io/v2/pet/9223372036854776000, response: 
{"code":404,"type":"unknown","message":"java.lang.NumberFormatException: For input string: \"9223372036854776000\""}
src/test/java/features/GetPetById.feature:10
11:19:15.350 [main] INFO  com.intuit.karate.Suite - <<fail>> feature 1 of 1 (0 remaining) src/test/java/features/GetPetById.feature
11:19:41.499 [main] INFO  com.intuit.karate.Suite - backed up existing 'target\karate-reports' dir to: target\karate-reports_1705508381498
11:19:41.524 [main] INFO  c.intuit.karate.core.FeatureRuntime - found scenario at line: 7 - ^buscar por id la mascota$
11:19:42.662 [main] DEBUG com.intuit.karate - request:
1 > GET https://petstore.swagger.io/v2/pet/9223372036854776000
1 > Host: petstore.swagger.io
1 > Connection: Keep-Alive
1 > User-Agent: Apache-HttpClient/4.5.13 (Java/1.8.0_392)
1 > Accept-Encoding: gzip,deflate


11:19:43.245 [main] DEBUG com.intuit.karate - response time in milliseconds: 581
1 < 404
1 < Date: Wed, 17 Jan 2024 16:19:42 GMT
1 < Content-Type: application/json
1 < Transfer-Encoding: chunked
1 < Connection: keep-alive
1 < Access-Control-Allow-Origin: *
1 < Access-Control-Allow-Methods: GET, POST, DELETE, PUT
1 < Access-Control-Allow-Headers: Content-Type, api_key, Authorization
1 < Server: Jetty(9.2.9.v20150224)
{"code":404,"type":"unknown","message":"java.lang.NumberFormatException: For input string: \"9223372036854776000\""}
11:19:43.271 [main] ERROR com.intuit.karate - src/test/java/features/GetPetById.feature:10
Then status 200
status code was: 404, expected: 200, response time in milliseconds: 581, url: https://petstore.swagger.io/v2/pet/9223372036854776000, response: 
{"code":404,"type":"unknown","message":"java.lang.NumberFormatException: For input string: \"9223372036854776000\""}
src/test/java/features/GetPetById.feature:10
11:19:44.091 [main] INFO  com.intuit.karate.Suite - <<fail>> feature 1 of 1 (0 remaining) src/test/java/features/GetPetById.feature
11:26:23.743 [Test worker] DEBUG com.intuit.karate - request:
1 > POST https://petstore.swagger.io/v2/pet
1 > Content-Type: application/json; charset=UTF-8
1 > Content-Length: 139
1 > Host: petstore.swagger.io
1 > Connection: Keep-Alive
1 > User-Agent: Apache-HttpClient/4.5.13 (Java/18.0.2.1)
1 > Accept-Encoding: gzip,deflate
{"id":0,"category":{"id":0,"name":"string"},"name":"junior1","photoUrls":["string"],"tags":[{"id":0,"name":"string"}],"status":"available"}

11:26:24.535 [Test worker] DEBUG com.intuit.karate - response time in milliseconds: 756
1 < 200
1 < Date: Wed, 17 Jan 2024 16:26:24 GMT
1 < Content-Type: application/json
1 < Transfer-Encoding: chunked
1 < Connection: keep-alive
1 < Access-Control-Allow-Origin: *
1 < Access-Control-Allow-Methods: GET, POST, DELETE, PUT
1 < Access-Control-Allow-Headers: Content-Type, api_key, Authorization
1 < Server: Jetty(9.2.9.v20150224)
{"id":9223372036854767921,"category":{"id":0,"name":"string"},"name":"junior1","photoUrls":["string"],"tags":[{"id":0,"name":"string"}],"status":"available"}
11:27:11.658 [main] INFO  com.intuit.karate.Suite - backed up existing 'target\karate-reports' dir to: target\karate-reports_1705508831657
11:27:11.690 [main] INFO  c.intuit.karate.core.FeatureRuntime - found scenario at line: 7 - ^buscar por id la mascota$
11:27:12.893 [main] DEBUG com.intuit.karate - request:
1 > GET https://petstore.swagger.io/v2/pet/9223372036854767921
1 > Host: petstore.swagger.io
1 > Connection: Keep-Alive
1 > User-Agent: Apache-HttpClient/4.5.13 (Java/1.8.0_392)
1 > Accept-Encoding: gzip,deflate


11:27:13.501 [main] DEBUG com.intuit.karate - response time in milliseconds: 605
1 < 200
1 < Date: Wed, 17 Jan 2024 16:27:13 GMT
1 < Content-Type: application/json
1 < Transfer-Encoding: chunked
1 < Connection: keep-alive
1 < Access-Control-Allow-Origin: *
1 < Access-Control-Allow-Methods: GET, POST, DELETE, PUT
1 < Access-Control-Allow-Headers: Content-Type, api_key, Authorization
1 < Server: Jetty(9.2.9.v20150224)
{"id":9223372036854767921,"category":{"id":0,"name":"string"},"name":"junior1","photoUrls":["string"],"tags":[{"id":0,"name":"string"}],"status":"available"}
11:27:14.172 [main] INFO  com.intuit.karate.Suite - <<pass>> feature 1 of 1 (0 remaining) src/test/java/features/GetPetById.feature
11:28:18.547 [Test worker] DEBUG com.intuit.karate - request:
1 > GET https://petstore.swagger.io/v2/pet/9223372036854767921
1 > Host: petstore.swagger.io
1 > Connection: Keep-Alive
1 > User-Agent: Apache-HttpClient/4.5.13 (Java/18.0.2.1)
1 > Accept-Encoding: gzip,deflate


11:28:19.304 [Test worker] DEBUG com.intuit.karate - response time in milliseconds: 750
1 < 200
1 < Date: Wed, 17 Jan 2024 16:28:18 GMT
1 < Content-Type: application/json
1 < Transfer-Encoding: chunked
1 < Connection: keep-alive
1 < Access-Control-Allow-Origin: *
1 < Access-Control-Allow-Methods: GET, POST, DELETE, PUT
1 < Access-Control-Allow-Headers: Content-Type, api_key, Authorization
1 < Server: Jetty(9.2.9.v20150224)
{"id":9223372036854767921,"category":{"id":0,"name":"string"},"name":"junior1","photoUrls":["string"],"tags":[{"id":0,"name":"string"}],"status":"available"}
11:29:15.622 [Test worker] DEBUG com.intuit.karate - request:
1 > POST https://petstore.swagger.io/v2/pet/9223372036854767921?petId=9223372036854767921&name=junior-toby&status=sold
1 > Host: petstore.swagger.io
1 > Connection: Keep-Alive
1 > User-Agent: Apache-HttpClient/4.5.13 (Java/18.0.2.1)
1 > Accept-Encoding: gzip,deflate


11:29:16.200 [Test worker] DEBUG com.intuit.karate - response time in milliseconds: 571
1 < 200
1 < Date: Wed, 17 Jan 2024 16:29:15 GMT
1 < Content-Type: application/json
1 < Transfer-Encoding: chunked
1 < Connection: keep-alive
1 < Access-Control-Allow-Origin: *
1 < Access-Control-Allow-Methods: GET, POST, DELETE, PUT
1 < Access-Control-Allow-Headers: Content-Type, api_key, Authorization
1 < Server: Jetty(9.2.9.v20150224)
{"code":200,"type":"unknown","message":"9223372036854767921"}
11:29:58.567 [Test worker] DEBUG com.intuit.karate - request:
1 > GET https://petstore.swagger.io/v2/pet/findByStatus?status=sold
1 > Host: petstore.swagger.io
1 > Connection: Keep-Alive
1 > User-Agent: Apache-HttpClient/4.5.13 (Java/18.0.2.1)
1 > Accept-Encoding: gzip,deflate


11:29:59.261 [Test worker] DEBUG com.intuit.karate - response time in milliseconds: 689
1 < 200
1 < Date: Wed, 17 Jan 2024 16:29:58 GMT
1 < Content-Type: application/json
1 < Transfer-Encoding: chunked
1 < Connection: keep-alive
1 < Access-Control-Allow-Origin: *
1 < Access-Control-Allow-Methods: GET, POST, DELETE, PUT
1 < Access-Control-Allow-Headers: Content-Type, api_key, Authorization
1 < Server: Jetty(9.2.9.v20150224)
[{"id":9223372036854757000,"category":{"id":0,"name":"string"},"name":"doggie","photoUrls":["string"],"tags":[{"id":0,"name":"string"}],"status":"sold"},{"id":242183255378574940,"category":{"id":72484662,"name":"Cat"},"name":"Felix","photoUrls":["https://s3.amazonaws.com/uifaces/faces/twitter/iamjdeleon/128.jpg"],"tags":[{"id":78772,"name":"Savannah"}],"status":"sold"},{"id":76342797,"category":{"id":-51928180,"name":"consequat deserunt"},"name":"doggie","photoUrls":["proident consectetur dolor enim","eiusmod ut ex"],"tags":[{"id":-79491736,"name":"officia elit esse"},{"id":-95156536,"name":"consequat ullamco"}],"status":"sold"},{"id":9223372036854767000,"category":{"id":0,"name":"string"},"name":"fish","photoUrls":["string"],"tags":[{"id":0,"name":"string"}],"status":"sold"},{"id":909909,"category":{"id":26,"name":"cats"},"name":"interface","photoUrls":["https://upload.wikimedia.org/wikipedia/commons/thumb/4/4d/Cat_November_2010-1a.jpg/330px-Cat_November_2010-1a.jpg"],"tags":[{"id":5478,"name":"domestic_cat"}],"status":"sold"}]
11:29:59.339 [Test worker] INFO  com.intuit.karate - [print] [
]
 
